{"name": "User fill the partnership request form by first name, last name, e-mail, test", "status": "broken", "statusDetails": {"message": "selenium.common.exceptions.NoSuchElementException: Message: no such element: Unable to locate element: {\"method\":\"css selector\",\"selector\":\"[name=\"name\"]\"}\n  (Session info: chrome=101.0.4951.54)\n\n", "trace": "  File \"C:\\Users\\rapid\\AppData\\Roaming\\Python\\Python310\\site-packages\\behave\\model.py\", line 1329, in run\n    match.run(runner.context)\n  File \"C:\\Users\\rapid\\AppData\\Roaming\\Python\\Python310\\site-packages\\behave\\matchers.py\", line 98, in run\n    self.func(context, *args, **kwargs)\n  File \"features\\steps\\Lingocard_partnership_request_form.py\", line 8, in user_enters_f_name\n    context.app.main_page.user_enters_f_name(name)\n  File \"E:\\Gurov_SSD_256\\IT\\Testing\\Automation_08_09_2019\\Lingocard_text_on_main_page\\pages\\main_page.py\", line 47, in user_enters_f_name\n    self.input_text(text, *self.F_NAME)\n  File \"E:\\Gurov_SSD_256\\IT\\Testing\\Automation_08_09_2019\\Lingocard_text_on_main_page\\pages\\base_page.py\", line 25, in input_text\n    e = self.driver.find_element(*locator)\n  File \"C:\\Users\\rapid\\AppData\\Local\\Programs\\Python\\Python310\\lib\\site-packages\\selenium\\webdriver\\remote\\webdriver.py\", line 976, in find_element\n    return self.execute(Command.FIND_ELEMENT, {\n  File \"C:\\Users\\rapid\\AppData\\Local\\Programs\\Python\\Python310\\lib\\site-packages\\selenium\\webdriver\\remote\\webdriver.py\", line 321, in execute\n    self.error_handler.check_response(response)\n  File \"C:\\Users\\rapid\\AppData\\Local\\Programs\\Python\\Python310\\lib\\site-packages\\selenium\\webdriver\\remote\\errorhandler.py\", line 242, in check_response\n    raise exception_class(message, screen, stacktrace)\n"}, "steps": [{"name": "Given Loginpage", "status": "passed", "start": 1652053546027, "stop": 1652053549420}, {"name": "Then User enters first name Vic", "status": "broken", "statusDetails": {"message": "selenium.common.exceptions.NoSuchElementException: Message: no such element: Unable to locate element: {\"method\":\"css selector\",\"selector\":\"[name=\"name\"]\"}\n  (Session info: chrome=101.0.4951.54)\n\n", "trace": "  File \"C:\\Users\\rapid\\AppData\\Roaming\\Python\\Python310\\site-packages\\behave\\model.py\", line 1329, in run\n    match.run(runner.context)\n  File \"C:\\Users\\rapid\\AppData\\Roaming\\Python\\Python310\\site-packages\\behave\\matchers.py\", line 98, in run\n    self.func(context, *args, **kwargs)\n  File \"features\\steps\\Lingocard_partnership_request_form.py\", line 8, in user_enters_f_name\n    context.app.main_page.user_enters_f_name(name)\n  File \"E:\\Gurov_SSD_256\\IT\\Testing\\Automation_08_09_2019\\Lingocard_text_on_main_page\\pages\\main_page.py\", line 47, in user_enters_f_name\n    self.input_text(text, *self.F_NAME)\n  File \"E:\\Gurov_SSD_256\\IT\\Testing\\Automation_08_09_2019\\Lingocard_text_on_main_page\\pages\\base_page.py\", line 25, in input_text\n    e = self.driver.find_element(*locator)\n  File \"C:\\Users\\rapid\\AppData\\Local\\Programs\\Python\\Python310\\lib\\site-packages\\selenium\\webdriver\\remote\\webdriver.py\", line 976, in find_element\n    return self.execute(Command.FIND_ELEMENT, {\n  File \"C:\\Users\\rapid\\AppData\\Local\\Programs\\Python\\Python310\\lib\\site-packages\\selenium\\webdriver\\remote\\webdriver.py\", line 321, in execute\n    self.error_handler.check_response(response)\n  File \"C:\\Users\\rapid\\AppData\\Local\\Programs\\Python\\Python310\\lib\\site-packages\\selenium\\webdriver\\remote\\errorhandler.py\", line 242, in check_response\n    raise exception_class(message, screen, stacktrace)\n"}, "start": 1652053549420, "stop": 1652053553475}, {"name": "Then User enters last name Gurov", "status": "skipped", "start": 1652053555584, "stop": 1652053555584}, {"name": "Then User enters e-mail gurovvic@gmail.com", "status": "skipped", "start": 1652053555584, "stop": 1652053555584}, {"name": "Then User enters request Test request", "status": "skipped", "start": 1652053555584, "stop": 1652053555584}, {"name": "Then User clicks on send button", "status": "skipped", "start": 1652053555584, "stop": 1652053555584}, {"name": "Then Verify that field Your message has no text at all", "status": "skipped", "start": 1652053555584, "stop": 1652053555584}], "start": 1652053544390, "stop": 1652053555584, "uuid": "9f657f55-6fdf-4a69-9181-93f6ff7d3968", "historyId": "b99b9f9723d25c08f2549c8fa26138a8", "fullName": "Lingocard_partnership_request_form: User fill the partnership request form by first name, last name, e-mail, test", "labels": [{"name": "severity", "value": "normal"}, {"name": "feature", "value": "Lingocard_partnership_request_form"}, {"name": "framework", "value": "behave"}, {"name": "language", "value": "cpython3"}]}